2023-10-28 23:52:41,815 INFO o.a.j.u.JMeterUtils: Setting Locale to en_EN
2023-10-28 23:52:41,838 INFO o.a.j.JMeter: Loading user properties from: user.properties
2023-10-28 23:52:41,840 INFO o.a.j.JMeter: Loading system properties from: system.properties
2023-10-28 23:52:41,845 INFO o.a.j.JMeter: Copyright (c) 1998-2022 The Apache Software Foundation
2023-10-28 23:52:41,845 INFO o.a.j.JMeter: Version 5.5
2023-10-28 23:52:41,845 INFO o.a.j.JMeter: java.version=11.0.20
2023-10-28 23:52:41,845 INFO o.a.j.JMeter: java.vm.name=Java HotSpot(TM) 64-Bit Server VM
2023-10-28 23:52:41,845 INFO o.a.j.JMeter: os.name=Windows 10
2023-10-28 23:52:41,845 INFO o.a.j.JMeter: os.arch=amd64
2023-10-28 23:52:41,845 INFO o.a.j.JMeter: os.version=10.0
2023-10-28 23:52:41,845 INFO o.a.j.JMeter: file.encoding=Cp1252
2023-10-28 23:52:41,845 INFO o.a.j.JMeter: java.awt.headless=true
2023-10-28 23:52:41,845 INFO o.a.j.JMeter: Max memory     =17179869184
2023-10-28 23:52:41,845 INFO o.a.j.JMeter: Available Processors =8
2023-10-28 23:52:41,853 INFO o.a.j.JMeter: Default Locale=English (EN)
2023-10-28 23:52:41,853 INFO o.a.j.JMeter: JMeter  Locale=English (EN)
2023-10-28 23:52:41,853 INFO o.a.j.JMeter: JMeterHome=D:\NXLVL\Software\apache-jmeter-5.5\apache-jmeter-5.5
2023-10-28 23:52:41,853 INFO o.a.j.JMeter: user.dir  =D:\NXLVL\Software\apache-jmeter-5.5\apache-jmeter-5.5\bin
2023-10-28 23:52:41,855 INFO o.a.j.JMeter: PWD       =D:\NXLVL\Software\apache-jmeter-5.5\apache-jmeter-5.5\bin
2023-10-28 23:52:41,856 INFO o.a.j.JMeter: IP: 172.20.10.13 Name: CIPL-LPT-1227 FullName: CIPL-LPT-1227.cygnet.com
2023-10-28 23:52:41,873 INFO o.a.j.s.FileServer: Default base='D:\NXLVL\Software\apache-jmeter-5.5\apache-jmeter-5.5\bin'
2023-10-28 23:52:41,874 INFO o.a.j.s.FileServer: Set new base='D:\Pravin\Practice'
2023-10-28 23:52:42,086 INFO o.a.j.s.SaveService: Testplan (JMX) version: 2.2. Testlog (JTL) version: 2.2
2023-10-28 23:52:42,112 INFO o.a.j.s.SaveService: Using SaveService properties version 5.0
2023-10-28 23:52:42,114 INFO o.a.j.s.SaveService: Using SaveService properties file encoding UTF-8
2023-10-28 23:52:42,117 INFO o.a.j.s.SaveService: Loading file: D:\Pravin\Practice\JenkinsIntegrationWithJmeter.jmx
2023-10-28 23:52:42,167 INFO o.a.j.p.h.s.HTTPSamplerBase: Parser for text/html is org.apache.jmeter.protocol.http.parser.LagartoBasedHtmlParser
2023-10-28 23:52:42,167 INFO o.a.j.p.h.s.HTTPSamplerBase: Parser for application/xhtml+xml is org.apache.jmeter.protocol.http.parser.LagartoBasedHtmlParser
2023-10-28 23:52:42,167 INFO o.a.j.p.h.s.HTTPSamplerBase: Parser for application/xml is org.apache.jmeter.protocol.http.parser.LagartoBasedHtmlParser
2023-10-28 23:52:42,167 INFO o.a.j.p.h.s.HTTPSamplerBase: Parser for text/xml is org.apache.jmeter.protocol.http.parser.LagartoBasedHtmlParser
2023-10-28 23:52:42,167 INFO o.a.j.p.h.s.HTTPSamplerBase: Parser for text/vnd.wap.wml is org.apache.jmeter.protocol.http.parser.RegexpHTMLParser
2023-10-28 23:52:42,167 INFO o.a.j.p.h.s.HTTPSamplerBase: Parser for text/css is org.apache.jmeter.protocol.http.parser.CssParser
2023-10-28 23:52:42,190 INFO o.a.j.JMeter: Creating summariser <summary>
2023-10-28 23:52:42,201 INFO o.a.j.e.StandardJMeterEngine: Running the test!
2023-10-28 23:52:42,202 INFO o.a.j.s.SampleEvent: List of sample_variables: []
2023-10-28 23:52:42,202 INFO o.a.j.s.SampleEvent: List of sample_variables: []
2023-10-28 23:52:42,209 INFO o.a.j.e.u.CompoundVariable: Note: Function class names must contain the string: '.functions.'
2023-10-28 23:52:42,209 INFO o.a.j.e.u.CompoundVariable: Note: Function class names must not contain the string: '.gui.'
2023-10-28 23:52:42,462 INFO o.a.j.JMeter: Running test (1698517362462)
2023-10-28 23:52:42,482 INFO o.a.j.e.StandardJMeterEngine: Starting ThreadGroup: 1 : Thread Group
2023-10-28 23:52:42,483 INFO o.a.j.e.StandardJMeterEngine: Starting 5 threads for group Thread Group.
2023-10-28 23:52:42,483 INFO o.a.j.e.StandardJMeterEngine: Thread will continue on error
2023-10-28 23:52:42,483 INFO o.a.j.t.ThreadGroup: Starting thread group... number=1 threads=5 ramp-up=1 delayedStart=false
2023-10-28 23:52:42,495 INFO o.a.j.t.ThreadGroup: Started thread group number 1
2023-10-28 23:52:42,495 INFO o.a.j.e.StandardJMeterEngine: All thread groups have been started
2023-10-28 23:52:42,495 INFO o.a.j.t.JMeterThread: Thread started: Thread Group 1-1
2023-10-28 23:52:42,512 INFO o.a.j.p.h.s.HTTPHCAbstractImpl: Local host = CIPL-LPT-1227
2023-10-28 23:52:42,517 INFO o.a.j.p.h.s.HTTPHC4Impl: HTTP request retry count = 1
2023-10-28 23:52:42,518 INFO o.a.j.s.SampleResult: Note: Sample TimeStamps are START times
2023-10-28 23:52:42,518 INFO o.a.j.s.SampleResult: sampleresult.default.encoding is set to ISO-8859-1
2023-10-28 23:52:42,519 INFO o.a.j.s.SampleResult: sampleresult.useNanoTime=true
2023-10-28 23:52:42,519 INFO o.a.j.s.SampleResult: sampleresult.nanoThreadSleep=5000
2023-10-28 23:52:42,690 INFO o.a.j.t.JMeterThread: Thread started: Thread Group 1-2
2023-10-28 23:52:42,836 INFO o.a.j.p.h.s.h.LazyLayeredConnectionSocketFactory: Setting up HTTPS TrustAll Socket Factory
2023-10-28 23:52:42,848 INFO o.a.j.u.JsseSSLManager: Using default SSL protocol: TLS
2023-10-28 23:52:42,849 INFO o.a.j.u.JsseSSLManager: SSL session context: per-thread
2023-10-28 23:52:42,888 INFO o.a.j.t.JMeterThread: Thread started: Thread Group 1-3
2023-10-28 23:52:42,915 INFO o.a.j.u.SSLManager: JmeterKeyStore Location:  type JKS
2023-10-28 23:52:42,918 INFO o.a.j.u.SSLManager: KeyStore created OK
2023-10-28 23:52:42,918 WARN o.a.j.u.SSLManager: Keystore file not found, loading empty keystore
2023-10-28 23:52:43,096 INFO o.a.j.t.JMeterThread: Thread started: Thread Group 1-4
2023-10-28 23:52:43,286 INFO o.a.j.t.JMeterThread: Thread started: Thread Group 1-5
2023-10-28 23:52:49,667 INFO o.a.j.t.JMeterThread: Thread is done: Thread Group 1-3
2023-10-28 23:52:49,667 INFO o.a.j.t.JMeterThread: Thread finished: Thread Group 1-3
2023-10-28 23:52:49,797 INFO o.a.j.t.JMeterThread: Thread is done: Thread Group 1-5
2023-10-28 23:52:49,797 INFO o.a.j.t.JMeterThread: Thread finished: Thread Group 1-5
2023-10-28 23:52:49,918 INFO o.a.j.t.JMeterThread: Thread is done: Thread Group 1-1
2023-10-28 23:52:49,918 INFO o.a.j.t.JMeterThread: Thread finished: Thread Group 1-1
2023-10-28 23:52:50,059 INFO o.a.j.t.JMeterThread: Thread is done: Thread Group 1-2
2023-10-28 23:52:50,059 INFO o.a.j.t.JMeterThread: Thread finished: Thread Group 1-2
2023-10-28 23:52:50,223 INFO o.a.j.t.JMeterThread: Thread is done: Thread Group 1-4
2023-10-28 23:52:50,223 INFO o.a.j.t.JMeterThread: Thread finished: Thread Group 1-4
2023-10-28 23:52:50,224 INFO o.a.j.e.StandardJMeterEngine: Notifying test listeners of end of test
2023-10-28 23:52:50,227 INFO o.a.j.r.Summariser: summary =     30 in 00:00:08 =    3.9/s Avg:  1169 Min:   485 Max:  2639 Err:     0 (0.00%)
